0 verbose cli [
0 verbose cli   '/usr/bin/node',
0 verbose cli   '/usr/share/nodejs/npm/bin/npm-cli.js',
0 verbose cli   'exec',
0 verbose cli   '--',
0 verbose cli   'create-react-app',
0 verbose cli   'test'
0 verbose cli ]
1 info using npm@8.5.1
2 info using node@v12.22.9
3 timing npm:load:whichnode Completed in 1ms
4 timing config:load:defaults Completed in 1ms
5 timing config:load:file:/usr/share/nodejs/npm/npmrc Completed in 3ms
6 timing config:load:builtin Completed in 3ms
7 timing config:load:cli Completed in 1ms
8 timing config:load:env Completed in 0ms
9 timing config:load:file:/home/nanoprogram/personalprojects/.npmrc Completed in 0ms
10 timing config:load:project Completed in 2ms
11 timing config:load:file:/home/nanoprogram/.npmrc Completed in 1ms
12 timing config:load:user Completed in 1ms
13 timing config:load:file:/etc/npmrc Completed in 0ms
14 timing config:load:global Completed in 0ms
15 timing config:load:validate Completed in 0ms
16 timing config:load:credentials Completed in 9ms
17 timing config:load:setEnvs Completed in 1ms
18 timing config:load Completed in 19ms
19 timing npm:load:configload Completed in 19ms
20 timing npm:load:setTitle Completed in 0ms
21 timing config:load:flatten Completed in 2ms
22 timing npm:load:display Completed in 4ms
23 verbose logfile /home/nanoprogram/.npm/_logs/2022-06-12T21_10_11_671Z-debug-0.log
24 timing npm:load:logFile Completed in 5ms
25 timing npm:load:timers Completed in 0ms
26 timing npm:load:configScope Completed in 0ms
27 timing npm:load Completed in 30ms
28 http fetch GET 200 https://registry.npmjs.org/create-react-app 213ms (cache miss)
29 timing arborist:ctor Completed in 1ms
30 timing arborist:ctor Completed in 0ms
31 timing arborist:ctor Completed in 0ms
32 timing idealTree:init Completed in 12ms
33 timing idealTree:userRequests Completed in 1ms
34 silly idealTree buildDeps
35 silly fetch manifest create-react-app@*
36 http fetch GET 200 https://registry.npmjs.org/create-react-app 121ms (cache miss)
37 silly placeDep ROOT create-react-app@5.0.1 OK for:  want: *
38 silly fetch manifest chalk@^4.1.2
39 silly fetch manifest commander@^4.1.1
40 silly fetch manifest cross-spawn@^7.0.3
41 silly fetch manifest envinfo@^7.8.1
42 silly fetch manifest fs-extra@^10.0.0
43 silly fetch manifest hyperquest@^2.1.3
44 silly fetch manifest prompts@^2.4.2
45 silly fetch manifest semver@^7.3.5
46 silly fetch manifest tar-pack@^3.4.1
47 silly fetch manifest tmp@^0.2.1
48 silly fetch manifest validate-npm-package-name@^3.0.0
49 http fetch GET 200 https://registry.npmjs.org/chalk 96ms (cache miss)
50 http fetch GET 200 https://registry.npmjs.org/prompts 192ms (cache miss)
51 http fetch GET 200 https://registry.npmjs.org/fs-extra 199ms (cache miss)
52 http fetch GET 200 https://registry.npmjs.org/cross-spawn 209ms (cache miss)
53 http fetch GET 200 https://registry.npmjs.org/tmp 197ms (cache miss)
54 http fetch GET 200 https://registry.npmjs.org/semver 202ms (cache miss)
55 http fetch GET 200 https://registry.npmjs.org/envinfo 227ms (cache miss)
56 http fetch GET 200 https://registry.npmjs.org/commander 248ms (cache miss)
57 http fetch GET 200 https://registry.npmjs.org/validate-npm-package-name 1003ms (cache miss)
58 http fetch GET 200 https://registry.npmjs.org/tar-pack 1007ms (cache miss)
59 http fetch GET 200 https://registry.npmjs.org/hyperquest 1052ms (cache miss)
60 timing idealTree:#root Completed in 1195ms
61 silly placeDep ROOT chalk@4.1.2 OK for: create-react-app@5.0.1 want: ^4.1.2
62 silly placeDep ROOT commander@4.1.1 OK for: create-react-app@5.0.1 want: ^4.1.1
63 silly placeDep ROOT cross-spawn@7.0.3 OK for: create-react-app@5.0.1 want: ^7.0.3
64 silly placeDep ROOT envinfo@7.8.1 OK for: create-react-app@5.0.1 want: ^7.8.1
65 silly placeDep ROOT fs-extra@10.1.0 OK for: create-react-app@5.0.1 want: ^10.0.0
66 silly placeDep ROOT hyperquest@2.1.3 OK for: create-react-app@5.0.1 want: ^2.1.3
67 silly placeDep ROOT prompts@2.4.2 OK for: create-react-app@5.0.1 want: ^2.4.2
68 silly placeDep ROOT semver@7.3.7 OK for: create-react-app@5.0.1 want: ^7.3.5
69 silly placeDep ROOT tar-pack@3.4.1 OK for: create-react-app@5.0.1 want: ^3.4.1
70 silly placeDep ROOT tmp@0.2.1 OK for: create-react-app@5.0.1 want: ^0.2.1
71 silly placeDep ROOT validate-npm-package-name@3.0.0 OK for: create-react-app@5.0.1 want: ^3.0.0
72 silly fetch manifest ansi-styles@^4.1.0
73 silly fetch manifest supports-color@^7.1.0
74 silly fetch manifest path-key@^3.1.0
75 silly fetch manifest shebang-command@^2.0.0
76 silly fetch manifest which@^2.0.1
77 silly fetch manifest graceful-fs@^4.2.0
78 silly fetch manifest jsonfile@^6.0.1
79 silly fetch manifest universalify@^2.0.0
80 silly fetch manifest buffer-from@^0.1.1
81 silly fetch manifest duplexer2@~0.0.2
82 silly fetch manifest through2@~0.6.3
83 silly fetch manifest kleur@^3.0.3
84 silly fetch manifest sisteransi@^1.0.5
85 silly fetch manifest lru-cache@^6.0.0
86 silly fetch manifest debug@^2.2.0
87 silly fetch manifest fstream@^1.0.10
88 silly fetch manifest fstream-ignore@^1.0.5
89 silly fetch manifest once@^1.3.3
90 silly fetch manifest readable-stream@^2.1.4
91 silly fetch manifest rimraf@^2.5.1
92 silly fetch manifest tar@^2.2.1
93 silly fetch manifest uid-number@^0.0.6
94 silly fetch manifest rimraf@^3.0.0
95 silly fetch manifest builtins@^1.0.3
96 http fetch GET 200 https://registry.npmjs.org/which 114ms (cache miss)
97 http fetch GET 200 https://registry.npmjs.org/jsonfile 113ms (cache miss)
98 http fetch GET 200 https://registry.npmjs.org/universalify 113ms (cache miss)
99 http fetch GET 200 https://registry.npmjs.org/shebang-command 130ms (cache miss)
100 http fetch GET 200 https://registry.npmjs.org/buffer-from 124ms (cache miss)
101 http fetch GET 200 https://registry.npmjs.org/supports-color 222ms (cache miss)
102 http fetch GET 200 https://registry.npmjs.org/debug 224ms (cache miss)
103 http fetch GET 200 https://registry.npmjs.org/sisteransi 236ms (cache miss)
104 http fetch GET 200 https://registry.npmjs.org/fstream 235ms (cache miss)
105 http fetch GET 200 https://registry.npmjs.org/once 233ms (cache miss)
106 http fetch GET 200 https://registry.npmjs.org/kleur 240ms (cache miss)
107 http fetch GET 200 https://registry.npmjs.org/rimraf 233ms (cache miss)
108 http fetch GET 200 https://registry.npmjs.org/ansi-styles 257ms (cache miss)
109 http fetch GET 200 https://registry.npmjs.org/path-key 259ms (cache miss)
110 http fetch GET 200 https://registry.npmjs.org/graceful-fs 257ms (cache miss)
111 http fetch GET 200 https://registry.npmjs.org/through2 253ms (cache miss)
112 http fetch GET 200 https://registry.npmjs.org/lru-cache 251ms (cache miss)
113 http fetch GET 200 https://registry.npmjs.org/readable-stream 248ms (cache miss)
114 http fetch GET 200 https://registry.npmjs.org/tar 350ms (cache miss)
115 http fetch GET 200 https://registry.npmjs.org/duplexer2 924ms (cache miss)
116 http fetch GET 200 https://registry.npmjs.org/uid-number 944ms (cache miss)
117 http fetch GET 200 https://registry.npmjs.org/fstream-ignore 1070ms (cache miss)
118 http fetch GET 200 https://registry.npmjs.org/builtins 1066ms (cache miss)
119 timing idealTree:node_modules/create-react-app Completed in 1130ms
120 silly placeDep ROOT ansi-styles@4.3.0 OK for: chalk@4.1.2 want: ^4.1.0
121 silly placeDep ROOT supports-color@7.2.0 OK for: chalk@4.1.2 want: ^7.1.0
122 silly fetch manifest color-convert@^2.0.1
123 silly fetch manifest has-flag@^4.0.0
124 http fetch GET 200 https://registry.npmjs.org/has-flag 58ms (cache miss)
125 http fetch GET 200 https://registry.npmjs.org/color-convert 83ms (cache miss)
126 timing idealTree:node_modules/chalk Completed in 87ms
127 silly placeDep ROOT color-convert@2.0.1 OK for: ansi-styles@4.3.0 want: ^2.0.1
128 silly fetch manifest color-name@~1.1.4
129 http fetch GET 200 https://registry.npmjs.org/color-name 43ms (cache miss)
130 timing idealTree:node_modules/ansi-styles Completed in 46ms
131 silly placeDep ROOT color-name@1.1.4 OK for: color-convert@2.0.1 want: ~1.1.4
132 timing idealTree:node_modules/color-convert Completed in 4ms
133 timing idealTree:node_modules/color-name Completed in 0ms
134 timing idealTree:node_modules/commander Completed in 0ms
135 silly placeDep ROOT path-key@3.1.1 OK for: cross-spawn@7.0.3 want: ^3.1.0
136 silly placeDep ROOT shebang-command@2.0.0 OK for: cross-spawn@7.0.3 want: ^2.0.0
137 silly placeDep ROOT which@2.0.2 OK for: cross-spawn@7.0.3 want: ^2.0.1
138 silly fetch manifest shebang-regex@^3.0.0
139 silly fetch manifest isexe@^2.0.0
140 http fetch GET 200 https://registry.npmjs.org/shebang-regex 56ms (cache miss)
141 http fetch GET 200 https://registry.npmjs.org/isexe 55ms (cache miss)
142 timing idealTree:node_modules/cross-spawn Completed in 69ms
143 timing idealTree:node_modules/envinfo Completed in 0ms
144 silly placeDep ROOT graceful-fs@4.2.10 OK for: fs-extra@10.1.0 want: ^4.2.0
145 silly placeDep ROOT jsonfile@6.1.0 OK for: fs-extra@10.1.0 want: ^6.0.1
146 silly placeDep ROOT universalify@2.0.0 OK for: fs-extra@10.1.0 want: ^2.0.0
147 timing idealTree:node_modules/fs-extra Completed in 20ms
148 timing idealTree:node_modules/graceful-fs Completed in 0ms
149 silly placeDep ROOT buffer-from@0.1.2 OK for: hyperquest@2.1.3 want: ^0.1.1
150 silly placeDep ROOT duplexer2@0.0.2 OK for: hyperquest@2.1.3 want: ~0.0.2
151 silly placeDep ROOT through2@0.6.5 OK for: hyperquest@2.1.3 want: ~0.6.3
152 silly fetch manifest readable-stream@~1.1.9
153 silly fetch manifest readable-stream@>=1.0.33-1 <1.1.0-0
154 silly fetch manifest xtend@>=4.0.0 <4.1.0-0
155 http fetch GET 200 https://registry.npmjs.org/xtend 115ms (cache miss)
156 timing idealTree:node_modules/hyperquest Completed in 133ms
157 timing idealTree:node_modules/buffer-from Completed in 0ms
158 silly placeDep ROOT readable-stream@1.1.14 OK for: duplexer2@0.0.2 want: ~1.1.9
159 silly fetch manifest core-util-is@~1.0.0
160 silly fetch manifest isarray@0.0.1
161 silly fetch manifest string_decoder@~0.10.x
162 silly fetch manifest inherits@~2.0.1
163 http fetch GET 200 https://registry.npmjs.org/inherits 49ms (cache miss)
164 http fetch GET 200 https://registry.npmjs.org/string_decoder 104ms (cache miss)
165 http fetch GET 200 https://registry.npmjs.org/isarray 106ms (cache miss)
166 http fetch GET 200 https://registry.npmjs.org/core-util-is 120ms (cache miss)
167 timing idealTree:node_modules/duplexer2 Completed in 131ms
168 timing idealTree:node_modules/jsonfile Completed in 0ms
169 timing idealTree:node_modules/path-key Completed in 0ms
170 silly placeDep ROOT kleur@3.0.3 OK for: prompts@2.4.2 want: ^3.0.3
171 silly placeDep ROOT sisteransi@1.0.5 OK for: prompts@2.4.2 want: ^1.0.5
172 timing idealTree:node_modules/prompts Completed in 10ms
173 timing idealTree:node_modules/kleur Completed in 0ms
174 silly placeDep ROOT core-util-is@1.0.3 OK for: readable-stream@1.1.14 want: ~1.0.0
175 silly placeDep ROOT inherits@2.0.4 OK for: readable-stream@1.1.14 want: ~2.0.1
176 silly placeDep ROOT isarray@0.0.1 OK for: readable-stream@1.1.14 want: 0.0.1
177 silly placeDep ROOT string_decoder@0.10.31 OK for: readable-stream@1.1.14 want: ~0.10.x
178 timing idealTree:node_modules/readable-stream Completed in 10ms
179 timing idealTree:node_modules/core-util-is Completed in 0ms
180 timing idealTree:node_modules/inherits Completed in 0ms
181 timing idealTree:node_modules/isarray Completed in 0ms
182 silly placeDep ROOT lru-cache@6.0.0 OK for: semver@7.3.7 want: ^6.0.0
183 silly fetch manifest yallist@^4.0.0
184 http fetch GET 200 https://registry.npmjs.org/yallist 329ms (cache miss)
185 timing idealTree:node_modules/semver Completed in 333ms
186 silly placeDep ROOT yallist@4.0.0 OK for: lru-cache@6.0.0 want: ^4.0.0
187 timing idealTree:node_modules/lru-cache Completed in 10ms
188 silly placeDep ROOT shebang-regex@3.0.0 OK for: shebang-command@2.0.0 want: ^3.0.0
189 timing idealTree:node_modules/shebang-command Completed in 5ms
190 timing idealTree:node_modules/shebang-regex Completed in 0ms
191 timing idealTree:node_modules/sisteransi Completed in 0ms
192 timing idealTree:node_modules/string_decoder Completed in 0ms
193 silly placeDep ROOT has-flag@4.0.0 OK for: supports-color@7.2.0 want: ^4.0.0
194 timing idealTree:node_modules/supports-color Completed in 3ms
195 timing idealTree:node_modules/has-flag Completed in 0ms
196 silly placeDep ROOT debug@2.6.9 OK for: tar-pack@3.4.1 want: ^2.2.0
197 silly placeDep ROOT fstream@1.0.12 OK for: tar-pack@3.4.1 want: ^1.0.10
198 silly placeDep ROOT fstream-ignore@1.0.5 OK for: tar-pack@3.4.1 want: ^1.0.5
199 silly placeDep ROOT once@1.4.0 OK for: tar-pack@3.4.1 want: ^1.3.3
200 silly placeDep node_modules/tar-pack readable-stream@2.3.7 OK for: tar-pack@3.4.1 want: ^2.1.4
201 silly placeDep ROOT rimraf@2.7.1 OK for: tar-pack@3.4.1 want: ^2.5.1
202 silly placeDep ROOT tar@2.2.2 OK for: tar-pack@3.4.1 want: ^2.2.1
203 silly placeDep ROOT uid-number@0.0.6 OK for: tar-pack@3.4.1 want: ^0.0.6
204 silly fetch manifest ms@2.0.0
205 silly fetch manifest mkdirp@>=0.5 0
206 silly fetch manifest minimatch@^3.0.0
207 silly fetch manifest wrappy@1
208 silly fetch manifest isarray@~1.0.0
209 silly fetch manifest process-nextick-args@~2.0.0
210 silly fetch manifest safe-buffer@~5.1.1
211 silly fetch manifest string_decoder@~1.1.1
212 silly fetch manifest util-deprecate@~1.0.1
213 silly fetch manifest glob@^7.1.3
214 silly fetch manifest block-stream@*
215 http fetch GET 200 https://registry.npmjs.org/process-nextick-args 104ms (cache miss)
216 http fetch GET 200 https://registry.npmjs.org/mkdirp 149ms (cache miss)
217 http fetch GET 200 https://registry.npmjs.org/ms 173ms (cache miss)
218 http fetch GET 200 https://registry.npmjs.org/block-stream 170ms (cache miss)
219 http fetch GET 200 https://registry.npmjs.org/safe-buffer 179ms (cache miss)
220 http fetch GET 200 https://registry.npmjs.org/glob 174ms (cache miss)
221 http fetch GET 200 https://registry.npmjs.org/util-deprecate 180ms (cache miss)
222 http fetch GET 200 https://registry.npmjs.org/wrappy 185ms (cache miss)
223 http fetch GET 200 https://registry.npmjs.org/minimatch 187ms (cache miss)
224 timing idealTree:node_modules/tar-pack Completed in 224ms
225 silly placeDep ROOT ms@2.0.0 OK for: debug@2.6.9 want: 2.0.0
226 timing idealTree:node_modules/debug Completed in 4ms
227 silly placeDep ROOT mkdirp@0.5.6 OK for: fstream@1.0.12 want: >=0.5 0
228 silly fetch manifest minimist@^1.2.6
229 http fetch GET 200 https://registry.npmjs.org/minimist 64ms (cache miss)
230 timing idealTree:node_modules/fstream Completed in 68ms
231 silly placeDep ROOT minimatch@3.1.2 OK for: fstream-ignore@1.0.5 want: ^3.0.0
232 silly fetch manifest brace-expansion@^1.1.7
233 http fetch GET 200 https://registry.npmjs.org/brace-expansion 52ms (cache miss)
234 timing idealTree:node_modules/fstream-ignore Completed in 57ms
235 silly placeDep ROOT brace-expansion@1.1.11 OK for: minimatch@3.1.2 want: ^1.1.7
236 silly fetch manifest balanced-match@^1.0.0
237 silly fetch manifest concat-map@0.0.1
238 http fetch GET 200 https://registry.npmjs.org/concat-map 67ms (cache miss)
239 http fetch GET 200 https://registry.npmjs.org/balanced-match 69ms (cache miss)
240 timing idealTree:node_modules/minimatch Completed in 76ms
241 silly placeDep ROOT balanced-match@1.0.2 OK for: brace-expansion@1.1.11 want: ^1.0.0
242 silly placeDep ROOT concat-map@0.0.1 OK for: brace-expansion@1.1.11 want: 0.0.1
243 timing idealTree:node_modules/brace-expansion Completed in 9ms
244 timing idealTree:node_modules/balanced-match Completed in 0ms
245 timing idealTree:node_modules/concat-map Completed in 0ms
246 silly placeDep ROOT minimist@1.2.6 OK for: mkdirp@0.5.6 want: ^1.2.6
247 timing idealTree:node_modules/mkdirp Completed in 4ms
248 timing idealTree:node_modules/minimist Completed in 0ms
249 timing idealTree:node_modules/ms Completed in 0ms
250 silly placeDep ROOT wrappy@1.0.2 OK for: once@1.4.0 want: 1
251 timing idealTree:node_modules/once Completed in 3ms
252 silly placeDep ROOT glob@7.2.3 OK for: rimraf@2.7.1 want: ^7.1.3
253 silly fetch manifest fs.realpath@^1.0.0
254 silly fetch manifest inflight@^1.0.4
255 silly fetch manifest path-is-absolute@^1.0.0
256 http fetch GET 200 https://registry.npmjs.org/path-is-absolute 43ms (cache miss)
257 http fetch GET 200 https://registry.npmjs.org/fs.realpath 66ms (cache miss)
258 http fetch GET 200 https://registry.npmjs.org/inflight 67ms (cache miss)
259 timing idealTree:node_modules/rimraf Completed in 75ms
260 silly placeDep ROOT fs.realpath@1.0.0 OK for: glob@7.2.3 want: ^1.0.0
261 silly placeDep ROOT inflight@1.0.6 OK for: glob@7.2.3 want: ^1.0.4
262 silly placeDep ROOT path-is-absolute@1.0.1 OK for: glob@7.2.3 want: ^1.0.0
263 timing idealTree:node_modules/glob Completed in 80ms
264 timing idealTree:node_modules/fs.realpath Completed in 0ms
265 timing idealTree:node_modules/inflight Completed in 0ms
266 timing idealTree:node_modules/path-is-absolute Completed in 0ms
267 silly placeDep ROOT block-stream@0.0.9 OK for: tar@2.2.2 want: *
268 timing idealTree:node_modules/tar Completed in 3ms
269 timing idealTree:node_modules/block-stream Completed in 0ms
270 silly placeDep node_modules/through2 readable-stream@1.0.34 OK for: through2@0.6.5 want: >=1.0.33-1 <1.1.0-0
271 silly placeDep ROOT xtend@4.0.2 OK for: through2@0.6.5 want: >=4.0.0 <4.1.0-0
272 timing idealTree:node_modules/through2 Completed in 8ms
273 silly placeDep node_modules/tmp rimraf@3.0.2 OK for: tmp@0.2.1 want: ^3.0.0
274 timing idealTree:node_modules/tmp Completed in 3ms
275 timing idealTree:node_modules/uid-number Completed in 0ms
276 timing idealTree:node_modules/universalify Completed in 0ms
277 silly placeDep ROOT builtins@1.0.3 OK for: validate-npm-package-name@3.0.0 want: ^1.0.3
278 timing idealTree:node_modules/validate-npm-package-name Completed in 2ms
279 timing idealTree:node_modules/builtins Completed in 0ms
280 silly placeDep ROOT isexe@2.0.0 OK for: which@2.0.2 want: ^2.0.0
281 timing idealTree:node_modules/which Completed in 1ms
282 timing idealTree:node_modules/isexe Completed in 0ms
283 timing idealTree:node_modules/wrappy Completed in 0ms
284 timing idealTree:node_modules/xtend Completed in 0ms
285 timing idealTree:node_modules/yallist Completed in 0ms
286 silly placeDep node_modules/tar-pack isarray@1.0.0 OK for: readable-stream@2.3.7 want: ~1.0.0
287 silly placeDep ROOT process-nextick-args@2.0.1 OK for: readable-stream@2.3.7 want: ~2.0.0
288 silly placeDep ROOT safe-buffer@5.1.2 OK for: readable-stream@2.3.7 want: ~5.1.1
289 silly placeDep node_modules/tar-pack string_decoder@1.1.1 OK for: readable-stream@2.3.7 want: ~1.1.1
290 silly placeDep ROOT util-deprecate@1.0.2 OK for: readable-stream@2.3.7 want: ~1.0.1
291 timing idealTree:node_modules/tar-pack/node_modules/readable-stream Completed in 9ms
292 timing idealTree:node_modules/process-nextick-args Completed in 0ms
293 timing idealTree:node_modules/safe-buffer Completed in 0ms
294 timing idealTree:node_modules/util-deprecate Completed in 0ms
295 timing idealTree:node_modules/tar-pack/node_modules/isarray Completed in 0ms
296 timing idealTree:node_modules/tar-pack/node_modules/string_decoder Completed in 0ms
297 timing idealTree:node_modules/through2/node_modules/readable-stream Completed in 0ms
298 timing idealTree:node_modules/tmp/node_modules/rimraf Completed in 0ms
299 timing idealTree:buildDeps Completed in 3826ms
300 timing idealTree:fixDepFlags Completed in 2ms
301 warn EBADENGINE Unsupported engine {
301 warn EBADENGINE   package: 'create-react-app@5.0.1',
301 warn EBADENGINE   required: { node: '>=14' },
301 warn EBADENGINE   current: { node: 'v12.22.9', npm: '8.5.1' }
301 warn EBADENGINE }
302 timing idealTree Completed in 3850ms
303 timing reify:loadTrees Completed in 3851ms
304 timing reify:diffTrees Completed in 6ms
305 silly reify moves {}
306 timing reify:retireShallow Completed in 0ms
307 timing reify:createSparse Completed in 42ms
308 timing reify:loadBundles Completed in 0ms
309 silly audit bulk request {
309 silly audit   'create-react-app': [ '5.0.1' ],
309 silly audit   chalk: [ '4.1.2' ],
309 silly audit   commander: [ '4.1.1' ],
309 silly audit   'cross-spawn': [ '7.0.3' ],
309 silly audit   envinfo: [ '7.8.1' ],
309 silly audit   'fs-extra': [ '10.1.0' ],
309 silly audit   hyperquest: [ '2.1.3' ],
309 silly audit   prompts: [ '2.4.2' ],
309 silly audit   semver: [ '7.3.7' ],
309 silly audit   'tar-pack': [ '3.4.1' ],
309 silly audit   tmp: [ '0.2.1' ],
309 silly audit   'validate-npm-package-name': [ '3.0.0' ],
309 silly audit   'ansi-styles': [ '4.3.0' ],
309 silly audit   'supports-color': [ '7.2.0' ],
309 silly audit   'color-convert': [ '2.0.1' ],
309 silly audit   'color-name': [ '1.1.4' ],
309 silly audit   'path-key': [ '3.1.1' ],
309 silly audit   'shebang-command': [ '2.0.0' ],
309 silly audit   which: [ '2.0.2' ],
309 silly audit   'graceful-fs': [ '4.2.10' ],
309 silly audit   jsonfile: [ '6.1.0' ],
309 silly audit   universalify: [ '2.0.0' ],
309 silly audit   'buffer-from': [ '0.1.2' ],
309 silly audit   duplexer2: [ '0.0.2' ],
309 silly audit   through2: [ '0.6.5' ],
309 silly audit   'readable-stream': [ '1.1.14', '2.3.7', '1.0.34' ],
309 silly audit   kleur: [ '3.0.3' ],
309 silly audit   sisteransi: [ '1.0.5' ],
309 silly audit   'core-util-is': [ '1.0.3' ],
309 silly audit   inherits: [ '2.0.4' ],
309 silly audit   isarray: [ '0.0.1', '1.0.0' ],
309 silly audit   string_decoder: [ '0.10.31', '1.1.1' ],
309 silly audit   'lru-cache': [ '6.0.0' ],
309 silly audit   yallist: [ '4.0.0' ],
309 silly audit   'shebang-regex': [ '3.0.0' ],
309 silly audit   'has-flag': [ '4.0.0' ],
309 silly audit   debug: [ '2.6.9' ],
309 silly audit   fstream: [ '1.0.12' ],
309 silly audit   'fstream-ignore': [ '1.0.5' ],
309 silly audit   once: [ '1.4.0' ],
309 silly audit   rimraf: [ '2.7.1', '3.0.2' ],
309 silly audit   tar: [ '2.2.2' ],
309 silly audit   'uid-number': [ '0.0.6' ],
309 silly audit   ms: [ '2.0.0' ],
309 silly audit   mkdirp: [ '0.5.6' ],
309 silly audit   minimatch: [ '3.1.2' ],
309 silly audit   'brace-expansion': [ '1.1.11' ],
309 silly audit   'balanced-match': [ '1.0.2' ],
309 silly audit   'concat-map': [ '0.0.1' ],
309 silly audit   minimist: [ '1.2.6' ],
309 silly audit   wrappy: [ '1.0.2' ],
309 silly audit   glob: [ '7.2.3' ],
309 silly audit   'fs.realpath': [ '1.0.0' ],
309 silly audit   inflight: [ '1.0.6' ],
309 silly audit   'path-is-absolute': [ '1.0.1' ],
309 silly audit   'block-stream': [ '0.0.9' ],
309 silly audit   xtend: [ '4.0.2' ],
309 silly audit   builtins: [ '1.0.3' ],
309 silly audit   isexe: [ '2.0.0' ],
309 silly audit   'process-nextick-args': [ '2.0.1' ],
309 silly audit   'safe-buffer': [ '5.1.2' ],
309 silly audit   'util-deprecate': [ '1.0.2' ]
309 silly audit }
310 silly tarball no local data for util-deprecate@https://registry.npmjs.org/util-deprecate/-/util-deprecate-1.0.2.tgz. Extracting by manifest.
311 silly tarball no local data for safe-buffer@https://registry.npmjs.org/safe-buffer/-/safe-buffer-5.1.2.tgz. Extracting by manifest.
312 silly tarball no local data for process-nextick-args@https://registry.npmjs.org/process-nextick-args/-/process-nextick-args-2.0.1.tgz. Extracting by manifest.
313 silly tarball no local data for isexe@https://registry.npmjs.org/isexe/-/isexe-2.0.0.tgz. Extracting by manifest.
314 silly tarball no local data for builtins@https://registry.npmjs.org/builtins/-/builtins-1.0.3.tgz. Extracting by manifest.
315 silly tarball no local data for xtend@https://registry.npmjs.org/xtend/-/xtend-4.0.2.tgz. Extracting by manifest.
316 silly tarball no local data for path-is-absolute@https://registry.npmjs.org/path-is-absolute/-/path-is-absolute-1.0.1.tgz. Extracting by manifest.
317 silly tarball no local data for fs.realpath@https://registry.npmjs.org/fs.realpath/-/fs.realpath-1.0.0.tgz. Extracting by manifest.
318 silly tarball no local data for glob@https://registry.npmjs.org/glob/-/glob-7.2.3.tgz. Extracting by manifest.
319 silly tarball no local data for inflight@https://registry.npmjs.org/inflight/-/inflight-1.0.6.tgz. Extracting by manifest.
320 silly tarball no local data for wrappy@https://registry.npmjs.org/wrappy/-/wrappy-1.0.2.tgz. Extracting by manifest.
321 silly tarball no local data for minimist@https://registry.npmjs.org/minimist/-/minimist-1.2.6.tgz. Extracting by manifest.
322 silly tarball no local data for concat-map@https://registry.npmjs.org/concat-map/-/concat-map-0.0.1.tgz. Extracting by manifest.
323 silly tarball no local data for balanced-match@https://registry.npmjs.org/balanced-match/-/balanced-match-1.0.2.tgz. Extracting by manifest.
324 silly tarball no local data for brace-expansion@https://registry.npmjs.org/brace-expansion/-/brace-expansion-1.1.11.tgz. Extracting by manifest.
325 silly tarball no local data for minimatch@https://registry.npmjs.org/minimatch/-/minimatch-3.1.2.tgz. Extracting by manifest.
326 silly tarball no local data for mkdirp@https://registry.npmjs.org/mkdirp/-/mkdirp-0.5.6.tgz. Extracting by manifest.
327 silly tarball no local data for ms@https://registry.npmjs.org/ms/-/ms-2.0.0.tgz. Extracting by manifest.
328 silly tarball no local data for uid-number@https://registry.npmjs.org/uid-number/-/uid-number-0.0.6.tgz. Extracting by manifest.
329 silly tarball no local data for tar@https://registry.npmjs.org/tar/-/tar-2.2.2.tgz. Extracting by manifest.
330 silly tarball no local data for rimraf@https://registry.npmjs.org/rimraf/-/rimraf-2.7.1.tgz. Extracting by manifest.
331 silly tarball no local data for once@https://registry.npmjs.org/once/-/once-1.4.0.tgz. Extracting by manifest.
332 silly tarball no local data for fstream-ignore@https://registry.npmjs.org/fstream-ignore/-/fstream-ignore-1.0.5.tgz. Extracting by manifest.
333 silly tarball no local data for fstream@https://registry.npmjs.org/fstream/-/fstream-1.0.12.tgz. Extracting by manifest.
334 silly tarball no local data for debug@https://registry.npmjs.org/debug/-/debug-2.6.9.tgz. Extracting by manifest.
335 silly tarball no local data for has-flag@https://registry.npmjs.org/has-flag/-/has-flag-4.0.0.tgz. Extracting by manifest.
336 silly tarball no local data for shebang-regex@https://registry.npmjs.org/shebang-regex/-/shebang-regex-3.0.0.tgz. Extracting by manifest.
337 silly tarball no local data for yallist@https://registry.npmjs.org/yallist/-/yallist-4.0.0.tgz. Extracting by manifest.
338 silly tarball no local data for lru-cache@https://registry.npmjs.org/lru-cache/-/lru-cache-6.0.0.tgz. Extracting by manifest.
339 silly tarball no local data for string_decoder@https://registry.npmjs.org/string_decoder/-/string_decoder-0.10.31.tgz. Extracting by manifest.
340 silly tarball no local data for isarray@https://registry.npmjs.org/isarray/-/isarray-0.0.1.tgz. Extracting by manifest.
341 silly tarball no local data for inherits@https://registry.npmjs.org/inherits/-/inherits-2.0.4.tgz. Extracting by manifest.
342 silly tarball no local data for core-util-is@https://registry.npmjs.org/core-util-is/-/core-util-is-1.0.3.tgz. Extracting by manifest.
343 silly tarball no local data for sisteransi@https://registry.npmjs.org/sisteransi/-/sisteransi-1.0.5.tgz. Extracting by manifest.
344 silly tarball no local data for kleur@https://registry.npmjs.org/kleur/-/kleur-3.0.3.tgz. Extracting by manifest.
345 silly tarball no local data for readable-stream@https://registry.npmjs.org/readable-stream/-/readable-stream-1.1.14.tgz. Extracting by manifest.
346 silly tarball no local data for through2@https://registry.npmjs.org/through2/-/through2-0.6.5.tgz. Extracting by manifest.
347 silly tarball no local data for duplexer2@https://registry.npmjs.org/duplexer2/-/duplexer2-0.0.2.tgz. Extracting by manifest.
348 silly tarball no local data for buffer-from@https://registry.npmjs.org/buffer-from/-/buffer-from-0.1.2.tgz. Extracting by manifest.
349 silly tarball no local data for universalify@https://registry.npmjs.org/universalify/-/universalify-2.0.0.tgz. Extracting by manifest.
350 silly tarball no local data for jsonfile@https://registry.npmjs.org/jsonfile/-/jsonfile-6.1.0.tgz. Extracting by manifest.
351 silly tarball no local data for graceful-fs@https://registry.npmjs.org/graceful-fs/-/graceful-fs-4.2.10.tgz. Extracting by manifest.
352 silly tarball no local data for which@https://registry.npmjs.org/which/-/which-2.0.2.tgz. Extracting by manifest.
353 silly tarball no local data for shebang-command@https://registry.npmjs.org/shebang-command/-/shebang-command-2.0.0.tgz. Extracting by manifest.
354 silly tarball no local data for path-key@https://registry.npmjs.org/path-key/-/path-key-3.1.1.tgz. Extracting by manifest.
355 silly tarball no local data for color-name@https://registry.npmjs.org/color-name/-/color-name-1.1.4.tgz. Extracting by manifest.
356 silly tarball no local data for color-convert@https://registry.npmjs.org/color-convert/-/color-convert-2.0.1.tgz. Extracting by manifest.
357 silly tarball no local data for supports-color@https://registry.npmjs.org/supports-color/-/supports-color-7.2.0.tgz. Extracting by manifest.
358 silly tarball no local data for ansi-styles@https://registry.npmjs.org/ansi-styles/-/ansi-styles-4.3.0.tgz. Extracting by manifest.
359 silly tarball no local data for validate-npm-package-name@https://registry.npmjs.org/validate-npm-package-name/-/validate-npm-package-name-3.0.0.tgz. Extracting by manifest.
360 silly tarball no local data for tmp@https://registry.npmjs.org/tmp/-/tmp-0.2.1.tgz. Extracting by manifest.
361 silly tarball no local data for tar-pack@https://registry.npmjs.org/tar-pack/-/tar-pack-3.4.1.tgz. Extracting by manifest.
362 silly tarball no local data for semver@https://registry.npmjs.org/semver/-/semver-7.3.7.tgz. Extracting by manifest.
363 silly tarball no local data for prompts@https://registry.npmjs.org/prompts/-/prompts-2.4.2.tgz. Extracting by manifest.
364 silly tarball no local data for hyperquest@https://registry.npmjs.org/hyperquest/-/hyperquest-2.1.3.tgz. Extracting by manifest.
365 silly tarball no local data for fs-extra@https://registry.npmjs.org/fs-extra/-/fs-extra-10.1.0.tgz. Extracting by manifest.
366 silly tarball no local data for cross-spawn@https://registry.npmjs.org/cross-spawn/-/cross-spawn-7.0.3.tgz. Extracting by manifest.
367 silly tarball no local data for envinfo@https://registry.npmjs.org/envinfo/-/envinfo-7.8.1.tgz. Extracting by manifest.
368 silly tarball no local data for chalk@https://registry.npmjs.org/chalk/-/chalk-4.1.2.tgz. Extracting by manifest.
369 silly tarball no local data for commander@https://registry.npmjs.org/commander/-/commander-4.1.1.tgz. Extracting by manifest.
370 silly tarball no local data for create-react-app@https://registry.npmjs.org/create-react-app/-/create-react-app-5.0.1.tgz. Extracting by manifest.
371 silly tarball no local data for block-stream@https://registry.npmjs.org/block-stream/-/block-stream-0.0.9.tgz. Extracting by manifest.
372 silly tarball no local data for readable-stream@https://registry.npmjs.org/readable-stream/-/readable-stream-1.0.34.tgz. Extracting by manifest.
373 silly tarball no local data for isarray@https://registry.npmjs.org/isarray/-/isarray-1.0.0.tgz. Extracting by manifest.
374 silly tarball no local data for rimraf@https://registry.npmjs.org/rimraf/-/rimraf-3.0.2.tgz. Extracting by manifest.
375 silly tarball no local data for string_decoder@https://registry.npmjs.org/string_decoder/-/string_decoder-1.1.1.tgz. Extracting by manifest.
376 silly tarball no local data for readable-stream@https://registry.npmjs.org/readable-stream/-/readable-stream-2.3.7.tgz. Extracting by manifest.
377 http fetch POST 200 https://registry.npmjs.org/-/npm/v1/security/advisories/bulk 1082ms
378 timing auditReport:getReport Completed in 1085ms
379 silly audit report {
379 silly audit report   tar: [
379 silly audit report     {
379 silly audit report       id: 1070363,
379 silly audit report       url: 'https://github.com/advisories/GHSA-5955-9wpr-37jh',
379 silly audit report       title: 'Arbitrary File Creation/Overwrite on Windows via insufficient relative path sanitization',
379 silly audit report       severity: 'high',
379 silly audit report       vulnerable_versions: '<4.4.18',
379 silly audit report       cwe: [Array],
379 silly audit report       cvss: [Object]
379 silly audit report     },
379 silly audit report     {
379 silly audit report       id: 1070366,
379 silly audit report       url: 'https://github.com/advisories/GHSA-qq89-hq3f-393p',
379 silly audit report       title: 'Arbitrary File Creation/Overwrite via insufficient symlink protection due to directory cache poisoning using symbolic links',
379 silly audit report       severity: 'high',
379 silly audit report       vulnerable_versions: '<4.4.18',
379 silly audit report       cwe: [Array],
379 silly audit report       cvss: [Object]
379 silly audit report     },
379 silly audit report     {
379 silly audit report       id: 1070369,
379 silly audit report       url: 'https://github.com/advisories/GHSA-9r2w-394v-53qc',
379 silly audit report       title: 'Arbitrary File Creation/Overwrite via insufficient symlink protection due to directory cache poisoning using symbolic links',
379 silly audit report       severity: 'high',
379 silly audit report       vulnerable_versions: '<4.4.16',
379 silly audit report       cwe: [Array],
379 silly audit report       cvss: [Object]
379 silly audit report     },
379 silly audit report     {
379 silly audit report       id: 1070373,
379 silly audit report       url: 'https://github.com/advisories/GHSA-3jfq-g458-7qm9',
379 silly audit report       title: 'Arbitrary File Creation/Overwrite due to insufficient absolute path sanitization',
379 silly audit report       severity: 'high',
379 silly audit report       vulnerable_versions: '<3.2.2',
379 silly audit report       cwe: [Array],
379 silly audit report       cvss: [Object]
379 silly audit report     },
379 silly audit report     {
379 silly audit report       id: 1070377,
379 silly audit report       url: 'https://github.com/advisories/GHSA-r628-mhmh-qjhw',
379 silly audit report       title: 'Arbitrary File Creation/Overwrite via insufficient symlink protection due to directory cache poisoning',
379 silly audit report       severity: 'high',
379 silly audit report       vulnerable_versions: '<3.2.3',
379 silly audit report       cwe: [Array],
379 silly audit report       cvss: [Object]
379 silly audit report     }
379 silly audit report   ]
379 silly audit report }
380 timing metavuln:packument:tar Completed in 2ms
381 timing metavuln:cache:get:security-advisory:tar:XujiZMRfQGqBn+muOIgJKorJGxHZWAPy1mSGJE55PXbeI4TkLlduJZpftaMToAR4Vp9HPP/lDMnX/YRn0Nb+CA== Completed in 52ms
382 timing metavuln:load:security-advisory:tar:1070363 Completed in 7ms
383 timing metavuln:cache:get:security-advisory:tar:onMwyyRWKDIKkHlpvR4WBcQKgy6y6HkyIOgIyxjN0szZTG3bi8chVqaNG2GqpoT4yvoRxOA8HoW/cnBYpfH5NQ== Completed in 59ms
384 timing metavuln:load:security-advisory:tar:1070366 Completed in 7ms
385 timing metavuln:cache:get:security-advisory:tar:arzBB+Jr2MtzGPkZgR28EcdoeK9dMOVvzSNEwcx9iak3/E8KVVofBp2Becjpj5er/b9OCwH2NQ4Bc9zLNc8Jow== Completed in 67ms
386 timing metavuln:load:security-advisory:tar:1070369 Completed in 4ms
387 timing metavuln:cache:get:security-advisory:tar:XnerVKiIgwrQa5WNW269ilpgPlIRnjA0WsvBJuMrmWg54GkYK+dYelPBwEWowtEpltYdxNJp5UV0YY7ffHC2XA== Completed in 71ms
388 timing metavuln:load:security-advisory:tar:1070373 Completed in 4ms
389 timing metavuln:cache:get:security-advisory:tar:cmInYh3TE1/nI39XX1yyU1r47VW5PDClEYfNihHhkbmebII2orSPpbNPsPEtAUQ2n0gY/gqrazw2OP0KtOvDPA== Completed in 77ms
390 timing metavuln:load:security-advisory:tar:1070377 Completed in 2ms
391 http fetch GET 200 https://registry.npmjs.org/builtins/-/builtins-1.0.3.tgz 1288ms (cache miss)
392 timing reifyNode:node_modules/builtins Completed in 1394ms
393 http fetch GET 200 https://registry.npmjs.org/wrappy/-/wrappy-1.0.2.tgz 1297ms (cache miss)
394 timing reifyNode:node_modules/wrappy Completed in 1435ms
395 http fetch GET 200 https://registry.npmjs.org/balanced-match/-/balanced-match-1.0.2.tgz 1271ms (cache miss)
396 timing reifyNode:node_modules/balanced-match Completed in 1439ms
397 http fetch GET 200 https://registry.npmjs.org/color-name/-/color-name-1.1.4.tgz 1100ms (cache miss)
398 timing reifyNode:node_modules/color-name Completed in 1481ms
399 http fetch GET 200 https://registry.npmjs.org/util-deprecate/-/util-deprecate-1.0.2.tgz 1409ms (cache miss)
400 timing reifyNode:node_modules/util-deprecate Completed in 1494ms
401 http fetch GET 200 https://registry.npmjs.org/xtend/-/xtend-4.0.2.tgz 1384ms (cache miss)
402 timing reifyNode:node_modules/xtend Completed in 1496ms
403 http fetch GET 200 https://registry.npmjs.org/concat-map/-/concat-map-0.0.1.tgz 1336ms (cache miss)
404 timing reifyNode:node_modules/concat-map Completed in 1500ms
405 http fetch GET 200 https://registry.npmjs.org/path-is-absolute/-/path-is-absolute-1.0.1.tgz 1396ms (cache miss)
406 timing reifyNode:node_modules/path-is-absolute Completed in 1512ms
407 http fetch GET 200 https://registry.npmjs.org/inflight/-/inflight-1.0.6.tgz 1379ms (cache miss)
408 timing reifyNode:node_modules/inflight Completed in 1514ms
409 http fetch GET 200 https://registry.npmjs.org/once/-/once-1.4.0.tgz 1285ms (cache miss)
410 timing reifyNode:node_modules/once Completed in 1518ms
411 http fetch GET 200 https://registry.npmjs.org/mkdirp/-/mkdirp-0.5.6.tgz 1348ms (cache miss)
412 timing reifyNode:node_modules/mkdirp Completed in 1531ms
413 http fetch GET 200 https://registry.npmjs.org/ms/-/ms-2.0.0.tgz 1347ms (cache miss)
414 timing reifyNode:node_modules/ms Completed in 1533ms
415 http fetch GET 200 https://registry.npmjs.org/string_decoder/-/string_decoder-0.10.31.tgz 1260ms (cache miss)
416 timing reifyNode:node_modules/string_decoder Completed in 1544ms
417 http fetch GET 200 https://registry.npmjs.org/sisteransi/-/sisteransi-1.0.5.tgz 1238ms (cache miss)
418 timing reifyNode:node_modules/sisteransi Completed in 1547ms
419 http fetch GET 200 https://registry.npmjs.org/inherits/-/inherits-2.0.4.tgz 1259ms (cache miss)
420 timing reifyNode:node_modules/inherits Completed in 1553ms
421 http fetch GET 200 https://registry.npmjs.org/duplexer2/-/duplexer2-0.0.2.tgz 1232ms (cache miss)
422 timing reifyNode:node_modules/duplexer2 Completed in 1557ms
423 http fetch GET 200 https://registry.npmjs.org/process-nextick-args/-/process-nextick-args-2.0.1.tgz 1469ms (cache miss)
424 timing reifyNode:node_modules/process-nextick-args Completed in 1566ms
425 timing metavuln:cache:put:security-advisory:tar:arzBB+Jr2MtzGPkZgR28EcdoeK9dMOVvzSNEwcx9iak3/E8KVVofBp2Becjpj5er/b9OCwH2NQ4Bc9zLNc8Jow== Completed in 413ms
426 timing metavuln:calculate:security-advisory:tar:1070369 Completed in 484ms
427 http fetch GET 200 https://registry.npmjs.org/uid-number/-/uid-number-0.0.6.tgz 1383ms (cache miss)
428 timing reifyNode:node_modules/uid-number Completed in 1580ms
429 http fetch GET 200 https://registry.npmjs.org/isarray/-/isarray-0.0.1.tgz 1331ms (cache miss)
430 timing reifyNode:node_modules/isarray Completed in 1618ms
431 http fetch GET 200 https://registry.npmjs.org/yallist/-/yallist-4.0.0.tgz 1358ms (cache miss)
432 timing reifyNode:node_modules/yallist Completed in 1627ms
433 http fetch GET 200 https://registry.npmjs.org/shebang-regex/-/shebang-regex-3.0.0.tgz 1367ms (cache miss)
434 timing reifyNode:node_modules/shebang-regex Completed in 1633ms
435 http fetch GET 200 https://registry.npmjs.org/shebang-command/-/shebang-command-2.0.0.tgz 1280ms (cache miss)
436 timing reifyNode:node_modules/shebang-command Completed in 1646ms
437 timing metavuln:cache:put:security-advisory:tar:onMwyyRWKDIKkHlpvR4WBcQKgy6y6HkyIOgIyxjN0szZTG3bi8chVqaNG2GqpoT4yvoRxOA8HoW/cnBYpfH5NQ== Completed in 505ms
438 timing metavuln:calculate:security-advisory:tar:1070366 Completed in 572ms
439 http fetch GET 200 https://registry.npmjs.org/rimraf/-/rimraf-2.7.1.tgz 1461ms (cache miss)
440 timing reifyNode:node_modules/rimraf Completed in 1679ms
441 http fetch GET 200 https://registry.npmjs.org/core-util-is/-/core-util-is-1.0.3.tgz 1382ms (cache miss)
442 timing reifyNode:node_modules/core-util-is Completed in 1684ms
443 http fetch GET 200 https://registry.npmjs.org/has-flag/-/has-flag-4.0.0.tgz 1438ms (cache miss)
444 timing reifyNode:node_modules/has-flag Completed in 1701ms
445 http fetch GET 200 https://registry.npmjs.org/brace-expansion/-/brace-expansion-1.1.11.tgz 1592ms (cache miss)
446 timing reifyNode:node_modules/brace-expansion Completed in 1763ms
447 http fetch GET 200 https://registry.npmjs.org/lru-cache/-/lru-cache-6.0.0.tgz 1504ms (cache miss)
448 timing reifyNode:node_modules/lru-cache Completed in 1779ms
449 http fetch GET 200 https://registry.npmjs.org/supports-color/-/supports-color-7.2.0.tgz 1394ms (cache miss)
450 timing reifyNode:node_modules/supports-color Completed in 1794ms
451 http fetch GET 200 https://registry.npmjs.org/path-key/-/path-key-3.1.1.tgz 1429ms (cache miss)
452 timing reifyNode:node_modules/path-key Completed in 1799ms
453 http fetch GET 200 https://registry.npmjs.org/buffer-from/-/buffer-from-0.1.2.tgz 1479ms (cache miss)
454 timing reifyNode:node_modules/buffer-from Completed in 1813ms
455 http fetch GET 200 https://registry.npmjs.org/which/-/which-2.0.2.tgz 1457ms (cache miss)
456 timing reifyNode:node_modules/which Completed in 1817ms
457 http fetch GET 200 https://registry.npmjs.org/universalify/-/universalify-2.0.0.tgz 1493ms (cache miss)
458 timing reifyNode:node_modules/universalify Completed in 1832ms
459 http fetch GET 200 https://registry.npmjs.org/readable-stream/-/readable-stream-1.0.34.tgz 1235ms (cache miss)
460 timing metavuln:cache:put:security-advisory:tar:XujiZMRfQGqBn+muOIgJKorJGxHZWAPy1mSGJE55PXbeI4TkLlduJZpftaMToAR4Vp9HPP/lDMnX/YRn0Nb+CA== Completed in 709ms
461 timing metavuln:calculate:security-advisory:tar:1070363 Completed in 770ms
462 timing metavuln:cache:put:security-advisory:tar:XnerVKiIgwrQa5WNW269ilpgPlIRnjA0WsvBJuMrmWg54GkYK+dYelPBwEWowtEpltYdxNJp5UV0YY7ffHC2XA== Completed in 691ms
463 timing metavuln:calculate:security-advisory:tar:1070373 Completed in 767ms
464 timing metavuln:cache:put:security-advisory:tar:cmInYh3TE1/nI39XX1yyU1r47VW5PDClEYfNihHhkbmebII2orSPpbNPsPEtAUQ2n0gY/gqrazw2OP0KtOvDPA== Completed in 688ms
465 timing metavuln:calculate:security-advisory:tar:1070377 Completed in 767ms
466 timing metavuln:packument:tar-pack Completed in 0ms
467 http fetch GET 200 https://registry.npmjs.org/isarray/-/isarray-1.0.0.tgz 1243ms (cache miss)
468 timing reifyNode:node_modules/tar-pack/node_modules/isarray Completed in 1861ms
469 http fetch GET 200 https://registry.npmjs.org/block-stream/-/block-stream-0.0.9.tgz 1271ms (cache miss)
470 timing reifyNode:node_modules/block-stream Completed in 1867ms
471 http fetch GET 200 https://registry.npmjs.org/fs.realpath/-/fs.realpath-1.0.0.tgz 1750ms (cache miss)
472 timing reifyNode:node_modules/fs.realpath Completed in 1870ms
473 http fetch GET 200 https://registry.npmjs.org/safe-buffer/-/safe-buffer-5.1.2.tgz 1794ms (cache miss)
474 timing reifyNode:node_modules/safe-buffer Completed in 1883ms
475 timing metavuln:cache:get:security-advisory:tar-pack:ZNMfjpLwTywcxA00sp7T+yuzlPkMRfR6dIDXX/o8xMDkcKTYDn9xIFSikJ5viYCf9Bf7w38hq7+JKD1oE9AmXA== Completed in 32ms
476 timing metavuln:load:security-advisory:tar-pack:XujiZMRfQGqBn+muOIgJKorJGxHZWAPy1mSGJE55PXbeI4TkLlduJZpftaMToAR4Vp9HPP/lDMnX/YRn0Nb+CA== Completed in 4ms
477 http fetch GET 200 https://registry.npmjs.org/through2/-/through2-0.6.5.tgz 1572ms (cache miss)
478 timing reifyNode:node_modules/through2 Completed in 1892ms
479 timing reifyNode:node_modules/through2/node_modules/readable-stream Completed in 1895ms
480 http fetch GET 200 https://registry.npmjs.org/fstream-ignore/-/fstream-ignore-1.0.5.tgz 1656ms (cache miss)
481 timing reifyNode:node_modules/fstream-ignore Completed in 1904ms
482 http fetch GET 200 https://registry.npmjs.org/minimatch/-/minimatch-3.1.2.tgz 1732ms (cache miss)
483 timing reifyNode:node_modules/minimatch Completed in 1912ms
484 http fetch GET 200 https://registry.npmjs.org/isexe/-/isexe-2.0.0.tgz 1824ms (cache miss)
485 timing reifyNode:node_modules/isexe Completed in 1926ms
486 http fetch GET 200 https://registry.npmjs.org/kleur/-/kleur-3.0.3.tgz 1620ms (cache miss)
487 timing reifyNode:node_modules/kleur Completed in 1933ms
488 http fetch GET 200 https://registry.npmjs.org/glob/-/glob-7.2.3.tgz 1831ms (cache miss)
489 timing reifyNode:node_modules/glob Completed in 1954ms
490 http fetch GET 200 https://registry.npmjs.org/color-convert/-/color-convert-2.0.1.tgz 1570ms (cache miss)
491 timing reifyNode:node_modules/color-convert Completed in 1965ms
492 http fetch GET 200 https://registry.npmjs.org/string_decoder/-/string_decoder-1.1.1.tgz 1341ms (cache miss)
493 timing reifyNode:node_modules/tar-pack/node_modules/string_decoder Completed in 1972ms
494 http fetch GET 200 https://registry.npmjs.org/graceful-fs/-/graceful-fs-4.2.10.tgz 1632ms (cache miss)
495 timing reifyNode:node_modules/graceful-fs Completed in 1986ms
496 http fetch GET 200 https://registry.npmjs.org/create-react-app/-/create-react-app-5.0.1.tgz 1422ms (cache miss)
497 timing reifyNode:node_modules/create-react-app Completed in 1998ms
498 http fetch GET 200 https://registry.npmjs.org/ansi-styles/-/ansi-styles-4.3.0.tgz 1570ms (cache miss)
499 timing reifyNode:node_modules/ansi-styles Completed in 2002ms
500 http fetch GET 200 https://registry.npmjs.org/jsonfile/-/jsonfile-6.1.0.tgz 1673ms (cache miss)
501 timing reifyNode:node_modules/jsonfile Completed in 2017ms
502 http fetch GET 200 https://registry.npmjs.org/tmp/-/tmp-0.2.1.tgz 1575ms (cache miss)
503 timing reifyNode:node_modules/tmp Completed in 2042ms
504 http fetch GET 200 https://registry.npmjs.org/rimraf/-/rimraf-3.0.2.tgz 1432ms (cache miss)
505 timing reifyNode:node_modules/tmp/node_modules/rimraf Completed in 2058ms
506 http fetch GET 200 https://registry.npmjs.org/validate-npm-package-name/-/validate-npm-package-name-3.0.0.tgz 1669ms (cache miss)
507 timing reifyNode:node_modules/validate-npm-package-name Completed in 2118ms
508 http fetch GET 200 https://registry.npmjs.org/debug/-/debug-2.6.9.tgz 1869ms (cache miss)
509 timing reifyNode:node_modules/debug Completed in 2127ms
510 http fetch GET 200 https://registry.npmjs.org/commander/-/commander-4.1.1.tgz 1563ms (cache miss)
511 timing reifyNode:node_modules/commander Completed in 2130ms
512 http fetch GET 200 https://registry.npmjs.org/chalk/-/chalk-4.1.2.tgz 1571ms (cache miss)
513 timing reifyNode:node_modules/chalk Completed in 2134ms
514 http fetch GET 200 https://registry.npmjs.org/cross-spawn/-/cross-spawn-7.0.3.tgz 1614ms (cache miss)
515 timing reifyNode:node_modules/cross-spawn Completed in 2149ms
516 http fetch GET 200 https://registry.npmjs.org/minimist/-/minimist-1.2.6.tgz 2004ms (cache miss)
517 timing reifyNode:node_modules/minimist Completed in 2162ms
518 timing metavuln:cache:put:security-advisory:tar-pack:ZNMfjpLwTywcxA00sp7T+yuzlPkMRfR6dIDXX/o8xMDkcKTYDn9xIFSikJ5viYCf9Bf7w38hq7+JKD1oE9AmXA== Completed in 275ms
519 timing metavuln:calculate:security-advisory:tar-pack:XujiZMRfQGqBn+muOIgJKorJGxHZWAPy1mSGJE55PXbeI4TkLlduJZpftaMToAR4Vp9HPP/lDMnX/YRn0Nb+CA== Completed in 312ms
520 timing metavuln:packument:create-react-app Completed in 0ms
521 http fetch GET 200 https://registry.npmjs.org/envinfo/-/envinfo-7.8.1.tgz 1613ms (cache miss)
522 timing reifyNode:node_modules/envinfo Completed in 2165ms
523 timing metavuln:cache:get:security-advisory:create-react-app:wF8Uqk7KSVQUMMrw38iy+Rcnx1B+E9X+e2nTtkubjL3UCTp5H5nVwe04Hmr8x2pALDcP0B6T+L9pFgVXKsrhOw== Completed in 5ms
524 timing metavuln:load:security-advisory:create-react-app:ZNMfjpLwTywcxA00sp7T+yuzlPkMRfR6dIDXX/o8xMDkcKTYDn9xIFSikJ5viYCf9Bf7w38hq7+JKD1oE9AmXA== Completed in 10ms
525 http fetch GET 200 https://registry.npmjs.org/hyperquest/-/hyperquest-2.1.3.tgz 1665ms (cache miss)
526 timing reifyNode:node_modules/hyperquest Completed in 2184ms
527 http fetch GET 200 https://registry.npmjs.org/tar-pack/-/tar-pack-3.4.1.tgz 1702ms (cache miss)
528 timing reifyNode:node_modules/tar-pack Completed in 2192ms
529 http fetch GET 200 https://registry.npmjs.org/readable-stream/-/readable-stream-1.1.14.tgz 1882ms (cache miss)
530 timing reifyNode:node_modules/readable-stream Completed in 2198ms
531 http fetch GET 200 https://registry.npmjs.org/fstream/-/fstream-1.0.12.tgz 1967ms (cache miss)
532 timing reifyNode:node_modules/fstream Completed in 2220ms
533 http fetch GET 200 https://registry.npmjs.org/readable-stream/-/readable-stream-2.3.7.tgz 1591ms (cache miss)
534 timing reifyNode:node_modules/tar-pack/node_modules/readable-stream Completed in 2226ms
535 timing metavuln:cache:put:security-advisory:create-react-app:wF8Uqk7KSVQUMMrw38iy+Rcnx1B+E9X+e2nTtkubjL3UCTp5H5nVwe04Hmr8x2pALDcP0B6T+L9pFgVXKsrhOw== Completed in 53ms
536 timing metavuln:calculate:security-advisory:create-react-app:ZNMfjpLwTywcxA00sp7T+yuzlPkMRfR6dIDXX/o8xMDkcKTYDn9xIFSikJ5viYCf9Bf7w38hq7+JKD1oE9AmXA== Completed in 68ms
537 timing auditReport:init Completed in 1153ms
538 timing reify:audit Completed in 2241ms
539 http fetch GET 200 https://registry.npmjs.org/fs-extra/-/fs-extra-10.1.0.tgz 1736ms (cache miss)
540 timing reifyNode:node_modules/fs-extra Completed in 2264ms
541 http fetch GET 200 https://registry.npmjs.org/semver/-/semver-7.3.7.tgz 1786ms (cache miss)
542 timing reifyNode:node_modules/semver Completed in 2284ms
543 http fetch GET 200 https://registry.npmjs.org/prompts/-/prompts-2.4.2.tgz 1801ms (cache miss)
544 timing reifyNode:node_modules/prompts Completed in 2312ms
545 http fetch GET 200 https://registry.npmjs.org/tar/-/tar-2.2.2.tgz 2144ms (cache miss)
546 warn deprecated tar@2.2.2: This version of tar is no longer supported, and will not receive security updates. Please upgrade asap.
547 timing reifyNode:node_modules/tar Completed in 2346ms
548 timing reify:unpack Completed in 2348ms
549 timing reify:unretire Completed in 0ms
550 timing build:queue Completed in 9ms
551 timing build:link:node_modules/create-react-app Completed in 8ms
552 timing build:link:node_modules/tmp/node_modules/rimraf Completed in 6ms
553 timing build:link:node_modules/envinfo Completed in 7ms
554 timing build:link:node_modules/rimraf Completed in 7ms
555 timing build:link:node_modules/mkdirp Completed in 7ms
556 timing build:link:node_modules/semver Completed in 7ms
557 timing build:link:node_modules/which Completed in 6ms
558 timing build:link Completed in 9ms
559 timing build:deps Completed in 18ms
560 timing build Completed in 18ms
561 timing reify:build Completed in 20ms
562 timing reify:trash Completed in 0ms
563 timing reify:save Completed in 57ms
564 timing reify Completed in 6369ms
565 timing command:exec Completed in 16888ms
566 verbose exit 1
567 timing npm Completed in 17093ms
568 verbose code 1
