0 info it worked if it ends with ok
1 verbose cli [ '/usr/bin/node', '/usr/bin/npm', 'audit', 'fix' ]
2 info using npm@6.14.17
3 info using node@v14.19.3
4 verbose config Skipping project config: /home/nanoprogram/.npmrc. (matches userconfig)
5 verbose npm-session c6eed0bb7b63f6c4
6 verbose stack Error: No package.json found: Cannot audit a project without a package.json
6 verbose stack     at /usr/lib/node_modules/npm/lib/audit.js:164:19
6 verbose stack     at tryCatcher (/usr/lib/node_modules/npm/node_modules/bluebird/js/release/util.js:16:23)
6 verbose stack     at Promise._settlePromiseFromHandler (/usr/lib/node_modules/npm/node_modules/bluebird/js/release/promise.js:514:35)
6 verbose stack     at Promise._settlePromise (/usr/lib/node_modules/npm/node_modules/bluebird/js/release/promise.js:574:18)
6 verbose stack     at Promise._settlePromise0 (/usr/lib/node_modules/npm/node_modules/bluebird/js/release/promise.js:619:10)
6 verbose stack     at Promise._settlePromises (/usr/lib/node_modules/npm/node_modules/bluebird/js/release/promise.js:699:18)
6 verbose stack     at Promise._fulfill (/usr/lib/node_modules/npm/node_modules/bluebird/js/release/promise.js:643:18)
6 verbose stack     at PromiseArray._resolve (/usr/lib/node_modules/npm/node_modules/bluebird/js/release/promise_array.js:126:19)
6 verbose stack     at PromiseArray._promiseFulfilled (/usr/lib/node_modules/npm/node_modules/bluebird/js/release/promise_array.js:144:14)
6 verbose stack     at PromiseArray._iterate (/usr/lib/node_modules/npm/node_modules/bluebird/js/release/promise_array.js:114:31)
6 verbose stack     at PromiseArray.init [as _init] (/usr/lib/node_modules/npm/node_modules/bluebird/js/release/promise_array.js:78:10)
6 verbose stack     at Promise._settlePromise (/usr/lib/node_modules/npm/node_modules/bluebird/js/release/promise.js:571:21)
6 verbose stack     at Promise._settlePromise0 (/usr/lib/node_modules/npm/node_modules/bluebird/js/release/promise.js:619:10)
6 verbose stack     at Promise._settlePromises (/usr/lib/node_modules/npm/node_modules/bluebird/js/release/promise.js:699:18)
6 verbose stack     at Promise._fulfill (/usr/lib/node_modules/npm/node_modules/bluebird/js/release/promise.js:643:18)
6 verbose stack     at PromiseArray._resolve (/usr/lib/node_modules/npm/node_modules/bluebird/js/release/promise_array.js:126:19)
7 verbose cwd /home/nanoprogram
8 verbose Linux 5.10.16.3-microsoft-standard-WSL2
9 verbose argv "/usr/bin/node" "/usr/bin/npm" "audit" "fix"
10 verbose node v14.19.3
11 verbose npm  v6.14.17
12 error code EAUDITNOPJSON
13 error audit No package.json found: Cannot audit a project without a package.json
14 verbose exit [ 1, true ]
